<?xml version="1.0" encoding="UTF-8"?>
<testng-results ignored="0" total="2" passed="2" failed="0" skipped="0">
  <reporter-output>
  </reporter-output>
  <suite started-at="2025-03-13T22:37:27 IST" name="Suite" finished-at="2025-03-13T22:37:39 IST" duration-ms="11768">
    <groups>
    </groups>
    <test started-at="2025-03-13T22:37:27 IST" name="Test" finished-at="2025-03-13T22:37:39 IST" duration-ms="11768">
      <class name="com.app.auto.LoginTestCaseWithBase">
        <test-method is-config="true" signature="beforeTest()[pri:0, instance:com.app.auto.LoginTestCaseWithBase@515aebb0]" started-at="2025-03-13T22:37:27 IST" name="beforeTest" finished-at="2025-03-13T22:37:27 IST" duration-ms="17" status="PASS">
          <reporter-output>
          </reporter-output>
        </test-method> <!-- beforeTest -->
        <test-method is-config="true" signature="init()[pri:0, instance:com.app.auto.LoginTestCaseWithBase@515aebb0]" started-at="2025-03-13T22:37:28 IST" name="init" finished-at="2025-03-13T22:37:28 IST" duration-ms="133" status="PASS">
          <reporter-output>
          </reporter-output>
        </test-method> <!-- init -->
        <test-method signature="login(java.lang.String,java.lang.String)[pri:0, instance:com.app.auto.LoginTestCaseWithBase@515aebb0]" started-at="2025-03-13T22:37:28 IST" name="login" data-provider="getLoginData" finished-at="2025-03-13T22:37:33 IST" duration-ms="4866" status="PASS">
          <params>
            <param index="0">
              <value>
                <![CDATA[standard_user]]>
              </value>
            </param>
            <param index="1">
              <value>
                <![CDATA[secret_sauce]]>
              </value>
            </param>
          </params>
          <reporter-output>
          </reporter-output>
        </test-method> <!-- login -->
        <test-method is-config="true" signature="closeDrivers()[pri:0, instance:com.app.auto.LoginTestCaseWithBase@515aebb0]" started-at="2025-03-13T22:37:33 IST" name="closeDrivers" finished-at="2025-03-13T22:37:33 IST" duration-ms="351" status="PASS">
          <reporter-output>
          </reporter-output>
        </test-method> <!-- closeDrivers -->
        <test-method signature="login(java.lang.String,java.lang.String)[pri:0, instance:com.app.auto.LoginTestCaseWithBase@515aebb0]" started-at="2025-03-13T22:37:33 IST" name="login" data-provider="getLoginData" finished-at="2025-03-13T22:37:39 IST" duration-ms="5748" status="PASS">
          <params>
            <param index="0">
              <value>
                <![CDATA[problem_user]]>
              </value>
            </param>
            <param index="1">
              <value>
                <![CDATA[secret_sauce]]>
              </value>
            </param>
          </params>
          <reporter-output>
          </reporter-output>
        </test-method> <!-- login -->
        <test-method is-config="true" signature="init()[pri:0, instance:com.app.auto.LoginTestCaseWithBase@515aebb0]" started-at="2025-03-13T22:37:33 IST" name="init" finished-at="2025-03-13T22:37:33 IST" duration-ms="0" status="PASS">
          <reporter-output>
          </reporter-output>
        </test-method> <!-- init -->
        <test-method is-config="true" signature="closeDrivers()[pri:0, instance:com.app.auto.LoginTestCaseWithBase@515aebb0]" started-at="2025-03-13T22:37:39 IST" name="closeDrivers" finished-at="2025-03-13T22:37:39 IST" duration-ms="152" status="PASS">
          <reporter-output>
          </reporter-output>
        </test-method> <!-- closeDrivers -->
      </class> <!-- com.app.auto.LoginTestCaseWithBase -->
    </test> <!-- Test -->
  </suite> <!-- Suite -->
</testng-results>
