<?xml version="1.0" encoding="UTF-8"?>
<testng-results ignored="0" total="2" passed="2" failed="0" skipped="0">
  <reporter-output>
  </reporter-output>
  <suite started-at="2025-03-08T15:56:48 IST" name="Default suite" finished-at="2025-03-08T15:56:59 IST" duration-ms="10826">
    <groups>
    </groups>
    <test started-at="2025-03-08T15:56:48 IST" name="Default test" finished-at="2025-03-08T15:56:59 IST" duration-ms="10826">
      <class name="com.app.auto.LoginTestCaseWithBase">
        <test-method is-config="true" signature="beforeTest()[pri:0, instance:com.app.auto.LoginTestCaseWithBase@78691363]" started-at="2025-03-08T15:56:48 IST" name="beforeTest" finished-at="2025-03-08T15:56:48 IST" duration-ms="5" status="PASS">
          <reporter-output>
          </reporter-output>
        </test-method> <!-- beforeTest -->
        <test-method is-config="true" signature="init()[pri:0, instance:com.app.auto.LoginTestCaseWithBase@78691363]" started-at="2025-03-08T15:56:49 IST" name="init" finished-at="2025-03-08T15:56:49 IST" duration-ms="139" status="PASS">
          <reporter-output>
          </reporter-output>
        </test-method> <!-- init -->
        <test-method signature="login(java.lang.String,java.lang.String)[pri:0, instance:com.app.auto.LoginTestCaseWithBase@78691363]" started-at="2025-03-08T15:56:49 IST" name="login" data-provider="getLoginData" finished-at="2025-03-08T15:56:55 IST" duration-ms="5423" status="PASS">
          <params>
            <param index="0">
              <value>
                <![CDATA[standard_user]]>
              </value>
            </param>
            <param index="1">
              <value>
                <![CDATA[secret_sauce]]>
              </value>
            </param>
          </params>
          <reporter-output>
          </reporter-output>
        </test-method> <!-- login -->
        <test-method is-config="true" signature="closeDrivers()[pri:0, instance:com.app.auto.LoginTestCaseWithBase@78691363]" started-at="2025-03-08T15:56:55 IST" name="closeDrivers" finished-at="2025-03-08T15:56:55 IST" duration-ms="394" status="PASS">
          <reporter-output>
          </reporter-output>
        </test-method> <!-- closeDrivers -->
        <test-method is-config="true" signature="init()[pri:0, instance:com.app.auto.LoginTestCaseWithBase@78691363]" started-at="2025-03-08T15:56:55 IST" name="init" finished-at="2025-03-08T15:56:55 IST" duration-ms="0" status="PASS">
          <reporter-output>
          </reporter-output>
        </test-method> <!-- init -->
        <test-method signature="login(java.lang.String,java.lang.String)[pri:0, instance:com.app.auto.LoginTestCaseWithBase@78691363]" started-at="2025-03-08T15:56:55 IST" name="login" data-provider="getLoginData" finished-at="2025-03-08T15:56:59 IST" duration-ms="4244" status="PASS">
          <params>
            <param index="0">
              <value>
                <![CDATA[problem_user]]>
              </value>
            </param>
            <param index="1">
              <value>
                <![CDATA[secret_sauce]]>
              </value>
            </param>
          </params>
          <reporter-output>
          </reporter-output>
        </test-method> <!-- login -->
        <test-method is-config="true" signature="closeDrivers()[pri:0, instance:com.app.auto.LoginTestCaseWithBase@78691363]" started-at="2025-03-08T15:56:59 IST" name="closeDrivers" finished-at="2025-03-08T15:56:59 IST" duration-ms="67" status="PASS">
          <reporter-output>
          </reporter-output>
        </test-method> <!-- closeDrivers -->
      </class> <!-- com.app.auto.LoginTestCaseWithBase -->
    </test> <!-- Default test -->
  </suite> <!-- Default suite -->
</testng-results>
